2021-02-12 17:22:38.101 [main] INFO  com.cj.lottery.LotteryApplication - Starting LotteryApplication using Java 11.0.2 on 192.168.0.117 with PID 85192 (/Users/liuyanqun/Downloads/lottery/target/classes started by liuyanqun in /Users/liuyanqun/Downloads/lottery)
2021-02-12 17:22:38.105 [main] INFO  com.cj.lottery.LotteryApplication - No active profile set, falling back to default profiles: default
2021-02-12 17:22:39.261 [main] INFO  o.s.boot.web.embedded.tomcat.TomcatWebServer - Tomcat initialized with port(s): 80 (http)
2021-02-12 17:22:39.272 [main] INFO  org.apache.coyote.http11.Http11NioProtocol - Initializing ProtocolHandler ["http-nio-80"]
2021-02-12 17:22:39.272 [main] INFO  org.apache.catalina.core.StandardService - Starting service [Tomcat]
2021-02-12 17:22:39.273 [main] INFO  org.apache.catalina.core.StandardEngine - Starting Servlet engine: [Apache Tomcat/9.0.41]
2021-02-12 17:22:39.344 [main] INFO  o.a.c.core.ContainerBase.[Tomcat].[localhost].[/] - Initializing Spring embedded WebApplicationContext
2021-02-12 17:22:39.344 [main] INFO  o.s.b.w.s.c.ServletWebServerApplicationContext - Root WebApplicationContext: initialization completed in 1164 ms
2021-02-12 17:22:39.707 [main] INFO  s.d.s.w.PropertySourcedRequestMappingHandlerMapping - Mapped URL path [/v2/api-docs] onto method [springfox.documentation.swagger2.web.Swagger2Controller#getDocumentation(String, HttpServletRequest)]
2021-02-12 17:22:39.790 [main] INFO  o.s.scheduling.concurrent.ThreadPoolTaskExecutor - Initializing ExecutorService 'applicationTaskExecutor'
2021-02-12 17:22:40.197 [main] INFO  org.apache.coyote.http11.Http11NioProtocol - Starting ProtocolHandler ["http-nio-80"]
2021-02-12 17:22:40.218 [main] INFO  o.s.boot.web.embedded.tomcat.TomcatWebServer - Tomcat started on port(s): 80 (http) with context path ''
2021-02-12 17:22:40.219 [main] INFO  s.d.s.web.plugins.DocumentationPluginsBootstrapper - Context refreshed
2021-02-12 17:22:40.237 [main] INFO  s.d.s.web.plugins.DocumentationPluginsBootstrapper - Found 1 custom documentation plugin(s)
2021-02-12 17:22:40.260 [main] INFO  s.d.spring.web.scanners.ApiListingReferenceScanner - Scanning for api listing references
2021-02-12 17:22:40.405 [main] INFO  com.cj.lottery.LotteryApplication - Started LotteryApplication in 2.782 seconds (JVM running for 3.347)
2021-02-12 17:24:19.598 [SpringContextShutdownHook] INFO  com.alibaba.druid.pool.DruidDataSource - {dataSource-0} closing ...
2021-02-12 17:24:19.600 [SpringContextShutdownHook] INFO  o.s.scheduling.concurrent.ThreadPoolTaskExecutor - Shutting down ExecutorService 'applicationTaskExecutor'
2021-02-12 17:55:52.203 [main] INFO  com.cj.lottery.LotteryApplication - Starting LotteryApplication using Java 11.0.2 on 192.168.0.117 with PID 85558 (/Users/liuyanqun/Downloads/lottery/target/classes started by liuyanqun in /Users/liuyanqun/Downloads/lottery)
2021-02-12 17:55:52.208 [main] INFO  com.cj.lottery.LotteryApplication - No active profile set, falling back to default profiles: default
2021-02-12 17:55:52.884 [main] INFO  o.s.b.a.l.ConditionEvaluationReportLoggingListener - 

Error starting ApplicationContext. To display the conditions report re-run your application with 'debug' enabled.
2021-02-12 17:58:14.460 [main] INFO  com.cj.lottery.LotteryApplication - Starting LotteryApplication using Java 11.0.2 on 192.168.0.117 with PID 85581 (/Users/liuyanqun/Downloads/lottery/target/classes started by liuyanqun in /Users/liuyanqun/Downloads/lottery)
2021-02-12 17:58:14.464 [main] INFO  com.cj.lottery.LotteryApplication - No active profile set, falling back to default profiles: default
2021-02-12 17:58:14.992 [main] INFO  o.s.b.a.l.ConditionEvaluationReportLoggingListener - 

Error starting ApplicationContext. To display the conditions report re-run your application with 'debug' enabled.
2021-02-12 18:04:02.481 [main] INFO  com.cj.lottery.LotteryApplication - Starting LotteryApplication using Java 11.0.2 on 192.168.0.117 with PID 85657 (/Users/liuyanqun/Downloads/lottery/target/classes started by liuyanqun in /Users/liuyanqun/Downloads/lottery)
2021-02-12 18:04:02.483 [main] INFO  com.cj.lottery.LotteryApplication - No active profile set, falling back to default profiles: default
2021-02-12 18:04:03.059 [main] INFO  o.s.b.a.l.ConditionEvaluationReportLoggingListener - 

Error starting ApplicationContext. To display the conditions report re-run your application with 'debug' enabled.
2021-02-12 18:04:41.171 [main] INFO  com.cj.lottery.LotteryApplication - Starting LotteryApplication using Java 11.0.2 on 192.168.0.117 with PID 85669 (/Users/liuyanqun/Downloads/lottery/target/classes started by liuyanqun in /Users/liuyanqun/Downloads/lottery)
2021-02-12 18:04:41.174 [main] INFO  com.cj.lottery.LotteryApplication - No active profile set, falling back to default profiles: default
2021-02-12 18:04:42.220 [main] INFO  o.s.boot.web.embedded.tomcat.TomcatWebServer - Tomcat initialized with port(s): 80 (http)
2021-02-12 18:04:42.228 [main] INFO  org.apache.coyote.http11.Http11NioProtocol - Initializing ProtocolHandler ["http-nio-80"]
2021-02-12 18:04:42.228 [main] INFO  org.apache.catalina.core.StandardService - Starting service [Tomcat]
2021-02-12 18:04:42.229 [main] INFO  org.apache.catalina.core.StandardEngine - Starting Servlet engine: [Apache Tomcat/9.0.41]
2021-02-12 18:04:42.277 [main] INFO  o.a.c.core.ContainerBase.[Tomcat].[localhost].[/] - Initializing Spring embedded WebApplicationContext
2021-02-12 18:04:42.278 [main] INFO  o.s.b.w.s.c.ServletWebServerApplicationContext - Root WebApplicationContext: initialization completed in 1060 ms
2021-02-12 18:04:42.591 [main] INFO  s.d.s.w.PropertySourcedRequestMappingHandlerMapping - Mapped URL path [/v2/api-docs] onto method [springfox.documentation.swagger2.web.Swagger2Controller#getDocumentation(String, HttpServletRequest)]
2021-02-12 18:04:42.658 [main] INFO  o.s.scheduling.concurrent.ThreadPoolTaskExecutor - Initializing ExecutorService 'applicationTaskExecutor'
2021-02-12 18:04:42.969 [main] INFO  org.apache.coyote.http11.Http11NioProtocol - Starting ProtocolHandler ["http-nio-80"]
2021-02-12 18:04:42.989 [main] INFO  o.s.boot.web.embedded.tomcat.TomcatWebServer - Tomcat started on port(s): 80 (http) with context path ''
2021-02-12 18:04:42.991 [main] INFO  s.d.s.web.plugins.DocumentationPluginsBootstrapper - Context refreshed
2021-02-12 18:04:43.002 [main] INFO  s.d.s.web.plugins.DocumentationPluginsBootstrapper - Found 1 custom documentation plugin(s)
2021-02-12 18:04:43.023 [main] INFO  s.d.spring.web.scanners.ApiListingReferenceScanner - Scanning for api listing references
2021-02-12 18:04:43.161 [main] INFO  com.cj.lottery.LotteryApplication - Started LotteryApplication in 2.419 seconds (JVM running for 3.035)
2021-02-12 18:04:56.852 [http-nio-80-exec-1] INFO  o.a.c.core.ContainerBase.[Tomcat].[localhost].[/] - Initializing Spring DispatcherServlet 'dispatcherServlet'
2021-02-12 18:04:56.853 [http-nio-80-exec-1] INFO  org.springframework.web.servlet.DispatcherServlet - Initializing Servlet 'dispatcherServlet'
2021-02-12 18:04:56.854 [http-nio-80-exec-1] INFO  org.springframework.web.servlet.DispatcherServlet - Completed initialization in 1 ms
2021-02-12 18:07:02.512 [SpringContextShutdownHook] INFO  com.alibaba.druid.pool.DruidDataSource - {dataSource-0} closing ...
2021-02-12 18:07:02.512 [SpringContextShutdownHook] INFO  o.s.scheduling.concurrent.ThreadPoolTaskExecutor - Shutting down ExecutorService 'applicationTaskExecutor'
