2021-02-19 23:22:29.290 [main] INFO  com.cj.lottery.LotteryApplication - Starting LotteryApplication using Java 11.0.2 on liuyanqundeMacBook-Pro.local with PID 75967 (/Users/liuyanqun/Downloads/lottery/target/classes started by liuyanqun in /Users/liuyanqun/Downloads/lottery)
2021-02-19 23:22:29.295 [main] INFO  com.cj.lottery.LotteryApplication - No active profile set, falling back to default profiles: default
2021-02-19 23:22:30.557 [main] INFO  o.s.boot.web.embedded.tomcat.TomcatWebServer - Tomcat initialized with port(s): 80 (http)
2021-02-19 23:22:30.569 [main] INFO  org.apache.coyote.http11.Http11NioProtocol - Initializing ProtocolHandler ["http-nio-80"]
2021-02-19 23:22:30.570 [main] INFO  org.apache.catalina.core.StandardService - Starting service [Tomcat]
2021-02-19 23:22:30.570 [main] INFO  org.apache.catalina.core.StandardEngine - Starting Servlet engine: [Apache Tomcat/9.0.41]
2021-02-19 23:22:30.678 [main] INFO  o.a.c.core.ContainerBase.[Tomcat].[localhost].[/] - Initializing Spring embedded WebApplicationContext
2021-02-19 23:22:30.679 [main] INFO  o.s.b.w.s.c.ServletWebServerApplicationContext - Root WebApplicationContext: initialization completed in 1332 ms
2021-02-19 23:22:31.440 [main] INFO  s.d.s.w.PropertySourcedRequestMappingHandlerMapping - Mapped URL path [/v2/api-docs] onto method [springfox.documentation.swagger2.web.Swagger2Controller#getDocumentation(String, HttpServletRequest)]
2021-02-19 23:22:31.528 [main] INFO  o.s.scheduling.concurrent.ThreadPoolTaskExecutor - Initializing ExecutorService 'applicationTaskExecutor'
2021-02-19 23:22:31.701 [main] INFO  org.apache.coyote.http11.Http11NioProtocol - Starting ProtocolHandler ["http-nio-80"]
2021-02-19 23:22:31.727 [main] INFO  o.s.boot.web.embedded.tomcat.TomcatWebServer - Tomcat started on port(s): 80 (http) with context path ''
2021-02-19 23:22:31.728 [main] INFO  s.d.s.web.plugins.DocumentationPluginsBootstrapper - Context refreshed
2021-02-19 23:22:31.746 [main] INFO  s.d.s.web.plugins.DocumentationPluginsBootstrapper - Found 1 custom documentation plugin(s)
2021-02-19 23:22:31.775 [main] INFO  s.d.spring.web.scanners.ApiListingReferenceScanner - Scanning for api listing references
2021-02-19 23:22:31.998 [main] INFO  com.cj.lottery.LotteryApplication - Started LotteryApplication in 3.258 seconds (JVM running for 9.124)
2021-02-19 23:22:56.513 [http-nio-80-exec-2] INFO  o.a.c.core.ContainerBase.[Tomcat].[localhost].[/] - Initializing Spring DispatcherServlet 'dispatcherServlet'
2021-02-19 23:22:56.514 [http-nio-80-exec-2] INFO  org.springframework.web.servlet.DispatcherServlet - Initializing Servlet 'dispatcherServlet'
2021-02-19 23:22:56.516 [http-nio-80-exec-2] INFO  org.springframework.web.servlet.DispatcherServlet - Completed initialization in 2 ms
2021-02-19 23:23:19.961 [http-nio-80-exec-9] INFO  com.cj.lottery.aop.LoginInterceptor - request param:{"mobile":["15313231234"]}
2021-02-19 23:24:27.340 [SpringContextShutdownHook] INFO  o.s.scheduling.concurrent.ThreadPoolTaskExecutor - Shutting down ExecutorService 'applicationTaskExecutor'
2021-02-19 23:24:27.343 [SpringContextShutdownHook] INFO  com.alibaba.druid.pool.DruidDataSource - {dataSource-0} closing ...
2021-02-19 23:24:46.698 [main] INFO  com.cj.lottery.LotteryApplication - Starting LotteryApplication using Java 11.0.2 on liuyanqundeMacBook-Pro.local with PID 76110 (/Users/liuyanqun/Downloads/lottery/target/classes started by liuyanqun in /Users/liuyanqun/Downloads/lottery)
2021-02-19 23:24:46.702 [main] INFO  com.cj.lottery.LotteryApplication - No active profile set, falling back to default profiles: default
2021-02-19 23:24:47.818 [main] INFO  o.s.boot.web.embedded.tomcat.TomcatWebServer - Tomcat initialized with port(s): 80 (http)
2021-02-19 23:24:47.827 [main] INFO  org.apache.coyote.http11.Http11NioProtocol - Initializing ProtocolHandler ["http-nio-80"]
2021-02-19 23:24:47.827 [main] INFO  org.apache.catalina.core.StandardService - Starting service [Tomcat]
2021-02-19 23:24:47.828 [main] INFO  org.apache.catalina.core.StandardEngine - Starting Servlet engine: [Apache Tomcat/9.0.41]
2021-02-19 23:24:47.943 [main] INFO  o.a.c.core.ContainerBase.[Tomcat].[localhost].[/] - Initializing Spring embedded WebApplicationContext
2021-02-19 23:24:47.943 [main] INFO  o.s.b.w.s.c.ServletWebServerApplicationContext - Root WebApplicationContext: initialization completed in 1196 ms
2021-02-19 23:24:48.636 [main] INFO  s.d.s.w.PropertySourcedRequestMappingHandlerMapping - Mapped URL path [/v2/api-docs] onto method [springfox.documentation.swagger2.web.Swagger2Controller#getDocumentation(String, HttpServletRequest)]
2021-02-19 23:24:48.719 [main] INFO  o.s.scheduling.concurrent.ThreadPoolTaskExecutor - Initializing ExecutorService 'applicationTaskExecutor'
2021-02-19 23:24:48.883 [main] INFO  org.apache.coyote.http11.Http11NioProtocol - Starting ProtocolHandler ["http-nio-80"]
2021-02-19 23:24:48.909 [main] INFO  o.s.boot.web.embedded.tomcat.TomcatWebServer - Tomcat started on port(s): 80 (http) with context path ''
2021-02-19 23:24:48.911 [main] INFO  s.d.s.web.plugins.DocumentationPluginsBootstrapper - Context refreshed
2021-02-19 23:24:48.924 [main] INFO  s.d.s.web.plugins.DocumentationPluginsBootstrapper - Found 1 custom documentation plugin(s)
2021-02-19 23:24:48.956 [main] INFO  s.d.spring.web.scanners.ApiListingReferenceScanner - Scanning for api listing references
2021-02-19 23:24:49.297 [main] INFO  com.cj.lottery.LotteryApplication - Started LotteryApplication in 3.157 seconds (JVM running for 9.356)
2021-02-19 23:25:52.234 [http-nio-80-exec-1] INFO  o.a.c.core.ContainerBase.[Tomcat].[localhost].[/] - Initializing Spring DispatcherServlet 'dispatcherServlet'
2021-02-19 23:25:52.235 [http-nio-80-exec-1] INFO  org.springframework.web.servlet.DispatcherServlet - Initializing Servlet 'dispatcherServlet'
2021-02-19 23:25:52.237 [http-nio-80-exec-1] INFO  org.springframework.web.servlet.DispatcherServlet - Completed initialization in 1 ms
2021-02-19 23:25:59.322 [SpringContextShutdownHook] INFO  o.s.scheduling.concurrent.ThreadPoolTaskExecutor - Shutting down ExecutorService 'applicationTaskExecutor'
2021-02-19 23:25:59.326 [SpringContextShutdownHook] INFO  com.alibaba.druid.pool.DruidDataSource - {dataSource-0} closing ...
2021-02-19 23:26:19.371 [main] INFO  com.cj.lottery.LotteryApplication - Starting LotteryApplication using Java 11.0.2 on liuyanqundeMacBook-Pro.local with PID 76203 (/Users/liuyanqun/Downloads/lottery/target/classes started by liuyanqun in /Users/liuyanqun/Downloads/lottery)
2021-02-19 23:26:19.373 [main] INFO  com.cj.lottery.LotteryApplication - No active profile set, falling back to default profiles: default
2021-02-19 23:26:20.500 [main] INFO  o.s.boot.web.embedded.tomcat.TomcatWebServer - Tomcat initialized with port(s): 80 (http)
2021-02-19 23:26:20.508 [main] INFO  org.apache.coyote.http11.Http11NioProtocol - Initializing ProtocolHandler ["http-nio-80"]
2021-02-19 23:26:20.508 [main] INFO  org.apache.catalina.core.StandardService - Starting service [Tomcat]
2021-02-19 23:26:20.509 [main] INFO  org.apache.catalina.core.StandardEngine - Starting Servlet engine: [Apache Tomcat/9.0.41]
2021-02-19 23:26:20.603 [main] INFO  o.a.c.core.ContainerBase.[Tomcat].[localhost].[/] - Initializing Spring embedded WebApplicationContext
2021-02-19 23:26:20.604 [main] INFO  o.s.b.w.s.c.ServletWebServerApplicationContext - Root WebApplicationContext: initialization completed in 1186 ms
2021-02-19 23:26:21.399 [main] INFO  s.d.s.w.PropertySourcedRequestMappingHandlerMapping - Mapped URL path [/v2/api-docs] onto method [springfox.documentation.swagger2.web.Swagger2Controller#getDocumentation(String, HttpServletRequest)]
2021-02-19 23:26:21.478 [main] INFO  o.s.scheduling.concurrent.ThreadPoolTaskExecutor - Initializing ExecutorService 'applicationTaskExecutor'
2021-02-19 23:26:21.625 [main] INFO  org.apache.coyote.http11.Http11NioProtocol - Starting ProtocolHandler ["http-nio-80"]
2021-02-19 23:26:21.649 [main] INFO  o.s.boot.web.embedded.tomcat.TomcatWebServer - Tomcat started on port(s): 80 (http) with context path ''
2021-02-19 23:26:21.650 [main] INFO  s.d.s.web.plugins.DocumentationPluginsBootstrapper - Context refreshed
2021-02-19 23:26:21.663 [main] INFO  s.d.s.web.plugins.DocumentationPluginsBootstrapper - Found 1 custom documentation plugin(s)
2021-02-19 23:26:21.689 [main] INFO  s.d.spring.web.scanners.ApiListingReferenceScanner - Scanning for api listing references
2021-02-19 23:26:21.871 [main] INFO  com.cj.lottery.LotteryApplication - Started LotteryApplication in 3.546 seconds (JVM running for 9.496)
2021-02-19 23:26:33.932 [http-nio-80-exec-1] INFO  o.a.c.core.ContainerBase.[Tomcat].[localhost].[/] - Initializing Spring DispatcherServlet 'dispatcherServlet'
2021-02-19 23:26:33.933 [http-nio-80-exec-1] INFO  org.springframework.web.servlet.DispatcherServlet - Initializing Servlet 'dispatcherServlet'
2021-02-19 23:26:33.935 [http-nio-80-exec-1] INFO  org.springframework.web.servlet.DispatcherServlet - Completed initialization in 1 ms
2021-02-19 23:26:33.946 [http-nio-80-exec-1] INFO  com.cj.lottery.aop.TraceIdInterceptor - request url:/api/cj/login/verify-mobile ,traceId:bd53f5d9c62d496aa79d8c7aad208010
